<?xml version="1.0" encoding="UTF-8"?>
<!-- Generated by org.testng.reporters.JUnitReportReporter -->
<testsuite hostname="Vikash-Mishra" failures="0" tests="3" name="testCase.AmazonTest" time="312.942" errors="0" timestamp="2024-10-06T00:35:27 IST" skipped="0">
  <testcase classname="testCase.AmazonTest" name="testParallel" time="94.292"/>
  <system-out/>
  <testcase classname="testCase.AmazonTest" name="testParallel" time="102.733"/>
  <system-out/>
  <testcase classname="testCase.AmazonTest" name="testParallel" time="115.917"/>
  <system-out/>
</testsuite> <!-- testCase.AmazonTest -->
