<?xml version="1.0" encoding="UTF-8"?>
<!-- Generated by org.testng.reporters.JUnitReportReporter -->
<testsuite hostname="Vikash-Mishra" failures="0" tests="3" name="testCase.AmazonTest" time="326.806" errors="0" timestamp="2024-10-05T15:13:17 IST" skipped="0">
  <testcase classname="testCase.AmazonTest" name="testParallel" time="85.175"/>
  <system-out/>
  <testcase classname="testCase.AmazonTest" name="testParallel" time="114.356"/>
  <system-out/>
  <testcase classname="testCase.AmazonTest" name="testParallel" time="127.275"/>
  <system-out/>
</testsuite> <!-- testCase.AmazonTest -->
