<?xml version="1.0" encoding="UTF-8"?>
<!-- Generated by org.testng.reporters.JUnitReportReporter -->
<testsuite hostname="Vikash-Mishra" failures="0" tests="3" name="testCase.AmazonTest" time="799.523" errors="0" timestamp="2024-10-05T19:53:29 IST" skipped="0">
  <testcase classname="testCase.AmazonTest" name="testParallel" time="246.694"/>
  <system-out/>
  <testcase classname="testCase.AmazonTest" name="testParallel" time="246.225"/>
  <system-out/>
  <testcase classname="testCase.AmazonTest" name="testParallel" time="306.604"/>
  <system-out/>
</testsuite> <!-- testCase.AmazonTest -->
